14:48:49.753 [TestNG-tests-1] TRACE io.netty.channel.nio.NioEventLoop - instrumented a special java.util.Set into: sun.nio.ch.WEPollSelectorImpl@444b0245
14:48:49.769 [TestNG-tests-1] TRACE io.netty.channel.nio.NioEventLoop - instrumented a special java.util.Set into: sun.nio.ch.WEPollSelectorImpl@5379de8e
14:48:49.772 [TestNG-tests-1] TRACE io.netty.channel.nio.NioEventLoop - instrumented a special java.util.Set into: sun.nio.ch.WEPollSelectorImpl@131dca3b
14:48:49.796 [TestNG-tests-1] TRACE io.netty.channel.nio.NioEventLoop - instrumented a special java.util.Set into: sun.nio.ch.WEPollSelectorImpl@4d3a2c22
14:48:49.889 [TestNG-tests-1] DEBUG io.netty.buffer.PooledByteBufAllocator - -Dio.netty.allocator.numHeapArenas: 8
14:48:49.889 [TestNG-tests-1] DEBUG io.netty.buffer.PooledByteBufAllocator - -Dio.netty.allocator.numDirectArenas: 8
14:48:49.889 [TestNG-tests-1] DEBUG io.netty.buffer.PooledByteBufAllocator - -Dio.netty.allocator.pageSize: 8192
14:48:49.890 [TestNG-tests-1] DEBUG io.netty.buffer.PooledByteBufAllocator - -Dio.netty.allocator.maxOrder: 11
14:48:49.890 [TestNG-tests-1] DEBUG io.netty.buffer.PooledByteBufAllocator - -Dio.netty.allocator.chunkSize: 16777216
14:48:49.890 [TestNG-tests-1] DEBUG io.netty.buffer.PooledByteBufAllocator - -Dio.netty.allocator.smallCacheSize: 256
14:48:49.890 [TestNG-tests-1] DEBUG io.netty.buffer.PooledByteBufAllocator - -Dio.netty.allocator.normalCacheSize: 64
14:48:49.890 [TestNG-tests-1] DEBUG io.netty.buffer.PooledByteBufAllocator - -Dio.netty.allocator.maxCachedBufferCapacity: 32768
14:48:49.890 [TestNG-tests-1] DEBUG io.netty.buffer.PooledByteBufAllocator - -Dio.netty.allocator.cacheTrimInterval: 8192
14:48:49.891 [TestNG-tests-1] DEBUG io.netty.buffer.PooledByteBufAllocator - -Dio.netty.allocator.cacheTrimIntervalMillis: 0
14:48:49.891 [TestNG-tests-1] DEBUG io.netty.buffer.PooledByteBufAllocator - -Dio.netty.allocator.useCacheForAllThreads: true
14:48:49.891 [TestNG-tests-1] DEBUG io.netty.buffer.PooledByteBufAllocator - -Dio.netty.allocator.maxCachedByteBuffersPerChunk: 1023
14:48:49.929 [TestNG-tests-1] DEBUG io.netty.buffer.ByteBufUtil - -Dio.netty.allocator.type: pooled
14:48:49.930 [TestNG-tests-1] DEBUG io.netty.buffer.ByteBufUtil - -Dio.netty.threadLocalDirectBufferSize: 0
14:48:49.931 [TestNG-tests-1] DEBUG io.netty.buffer.ByteBufUtil - -Dio.netty.maxThreadLocalCharBufferSize: 16384
14:48:50.718 [Forwarding newSession on session null to remote] DEBUG io.netty.channel.DefaultChannelId - -Dio.netty.processId: 9580 (auto-detected)
14:48:50.723 [Forwarding newSession on session null to remote] DEBUG io.netty.util.NetUtil - -Djava.net.preferIPv4Stack: false
14:48:50.724 [Forwarding newSession on session null to remote] DEBUG io.netty.util.NetUtil - -Djava.net.preferIPv6Addresses: false
14:48:50.747 [Forwarding newSession on session null to remote] DEBUG io.netty.util.NetUtilInitializations - Loopback interface: lo (Software Loopback Interface 1, 127.0.0.1)
14:48:50.748 [Forwarding newSession on session null to remote] DEBUG io.netty.util.NetUtil - Failed to get SOMAXCONN from sysctl and file \proc\sys\net\core\somaxconn. Default: 200
14:48:50.802 [Forwarding newSession on session null to remote] DEBUG io.netty.channel.DefaultChannelId - -Dio.netty.machineId: c4:8e:8f:ff:fe:7c:d6:9f (auto-detected)
14:48:50.887 [AsyncHttpClient-1-2] DEBUG io.netty.buffer.AbstractByteBuf - -Dio.netty.buffer.checkAccessible: true
14:48:50.888 [AsyncHttpClient-1-2] DEBUG io.netty.buffer.AbstractByteBuf - -Dio.netty.buffer.checkBounds: true
14:48:50.888 [AsyncHttpClient-1-2] DEBUG io.netty.util.ResourceLeakDetectorFactory - Loaded default ResourceLeakDetector: io.netty.util.ResourceLeakDetector@2d61a7da
14:48:50.945 [AsyncHttpClient-1-2] DEBUG io.netty.util.Recycler - -Dio.netty.recycler.maxCapacityPerThread: 4096
14:48:50.945 [AsyncHttpClient-1-2] DEBUG io.netty.util.Recycler - -Dio.netty.recycler.maxSharedCapacityFactor: 2
14:48:50.945 [AsyncHttpClient-1-2] DEBUG io.netty.util.Recycler - -Dio.netty.recycler.linkCapacity: 16
14:48:50.945 [AsyncHttpClient-1-2] DEBUG io.netty.util.Recycler - -Dio.netty.recycler.ratio: 8
14:48:50.945 [AsyncHttpClient-1-2] DEBUG io.netty.util.Recycler - -Dio.netty.recycler.delayedQueue.ratio: 8
14:48:52.680 [TestNG-tests-1] DEBUG io.netty.util.internal.ThreadLocalRandom - -Dio.netty.initialSeedUniquifier: 0x4f517d0abd47a0b3
14:48:52.815 [TestNG-tests-1] INFO  testCases.TC_001_AccountRegistration - Launched chrome Browser
14:48:52.864 [TestNG-tests-1] INFO  testCases.TC_001_AccountRegistration - Strating TC_001_AccountRegistration
14:48:56.920 [TestNG-tests-1] INFO  testCases.TC_001_AccountRegistration - Home Page Displayed 
14:48:57.606 [TestNG-tests-1] INFO  testCases.TC_001_AccountRegistration - Clicked on My Account 
14:48:58.738 [TestNG-tests-1] INFO  testCases.TC_001_AccountRegistration - Clicked on Register 
14:48:58.907 [TestNG-tests-1] INFO  testCases.TC_001_AccountRegistration - Provided First Name 
14:48:59.028 [TestNG-tests-1] INFO  testCases.TC_001_AccountRegistration - Provided Last Name 
14:48:59.178 [TestNG-tests-1] INFO  testCases.TC_001_AccountRegistration - Provided Email 
14:48:59.295 [TestNG-tests-1] INFO  testCases.TC_001_AccountRegistration - Provided Telephone 
14:48:59.393 [TestNG-tests-1] INFO  testCases.TC_001_AccountRegistration - Provided Password 
14:48:59.515 [TestNG-tests-1] INFO  testCases.TC_001_AccountRegistration - Provided Confrmed Password 
14:48:59.611 [TestNG-tests-1] INFO  testCases.TC_001_AccountRegistration - Set Privacy Policy 
14:49:00.666 [TestNG-tests-1] INFO  testCases.TC_001_AccountRegistration - Clicked on Continue 
14:49:05.717 [TestNG-tests-1] INFO  testCases.TC_001_AccountRegistration - Account Registration Success 
14:49:05.720 [TestNG-tests-1] INFO  testCases.TC_001_AccountRegistration - Finished TC_001_AccountRegistration
14:49:05.758 [AsyncHttpClient-1-4] TRACE io.netty.handler.codec.http.websocketx.WebSocket08FrameEncoder - Encoding WebSocket Frame opCode=8 length=26
14:49:07.652 [TestNG-tests-1] INFO  testCases.TC_002_Login - Launched chrome Browser
14:49:07.663 [TestNG-tests-1] INFO  testCases.TC_002_Login -  Starting TC_002_Login 
14:49:10.835 [TestNG-tests-1] INFO  testCases.TC_002_Login - Home Page Displayed 
14:49:11.151 [TestNG-tests-1] INFO  testCases.TC_002_Login - Clicked on My Account 
14:49:11.667 [TestNG-tests-1] INFO  testCases.TC_002_Login - Clicked on Login 
14:49:11.868 [TestNG-tests-1] INFO  testCases.TC_002_Login - Provided Email 
14:49:12.021 [TestNG-tests-1] INFO  testCases.TC_002_Login - Provided Password 
14:49:12.945 [TestNG-tests-1] INFO  testCases.TC_002_Login - Clicked on Login
14:49:18.015 [TestNG-tests-1] INFO  testCases.TC_002_Login - Login Success 
14:49:18.015 [TestNG-tests-1] INFO  testCases.TC_002_Login -  Finished TC_002_Login 
14:49:18.019 [AsyncHttpClient-1-7] TRACE io.netty.handler.codec.http.websocketx.WebSocket08FrameEncoder - Encoding WebSocket Frame opCode=8 length=26
14:49:20.753 [TestNG-tests-1] INFO  testCases.TC_003_LoginDDT - Launched chrome Browser
14:49:22.632 [TestNG-tests-1] INFO  testCases.TC_003_LoginDDT -  Starting TC_003_LoginDDT 
14:49:24.848 [TestNG-tests-1] INFO  testCases.TC_003_LoginDDT - Home Page Displayed 
14:49:25.637 [TestNG-tests-1] INFO  testCases.TC_003_LoginDDT - Clicked on My Account 
14:49:26.316 [TestNG-tests-1] INFO  testCases.TC_003_LoginDDT - Clicked on Login 
14:49:26.522 [TestNG-tests-1] INFO  testCases.TC_003_LoginDDT - Provided Email 
14:49:26.676 [TestNG-tests-1] INFO  testCases.TC_003_LoginDDT - Provided Password 
14:49:27.657 [TestNG-tests-1] INFO  testCases.TC_003_LoginDDT - Clicked on Login
14:49:27.744 [TestNG-tests-1] INFO  testCases.TC_003_LoginDDT - Login Success 
14:49:28.468 [TestNG-tests-1] INFO  testCases.TC_003_LoginDDT -  Finished TC_003_LoginDDT 
14:49:28.473 [TestNG-tests-1] INFO  testCases.TC_003_LoginDDT -  Starting TC_003_LoginDDT 
14:49:29.038 [TestNG-tests-1] INFO  testCases.TC_003_LoginDDT - Home Page Displayed 
14:49:29.180 [TestNG-tests-1] INFO  testCases.TC_003_LoginDDT - Clicked on My Account 
14:49:29.720 [TestNG-tests-1] INFO  testCases.TC_003_LoginDDT - Clicked on Login 
14:49:29.902 [TestNG-tests-1] INFO  testCases.TC_003_LoginDDT - Provided Email 
14:49:30.080 [TestNG-tests-1] INFO  testCases.TC_003_LoginDDT - Provided Password 
14:49:30.722 [TestNG-tests-1] INFO  testCases.TC_003_LoginDDT - Clicked on Login
14:49:40.796 [TestNG-tests-1] ERROR testCases.TC_003_LoginDDT - Login Failed 
14:49:40.796 [TestNG-tests-1] INFO  testCases.TC_003_LoginDDT -  Finished TC_003_LoginDDT 
14:49:40.801 [TestNG-tests-1] INFO  testCases.TC_003_LoginDDT -  Starting TC_003_LoginDDT 
14:49:41.297 [TestNG-tests-1] INFO  testCases.TC_003_LoginDDT - Home Page Displayed 
14:49:41.458 [TestNG-tests-1] INFO  testCases.TC_003_LoginDDT - Clicked on My Account 
14:49:41.948 [TestNG-tests-1] INFO  testCases.TC_003_LoginDDT - Clicked on Login 
14:49:42.116 [TestNG-tests-1] INFO  testCases.TC_003_LoginDDT - Provided Email 
14:49:42.218 [TestNG-tests-1] INFO  testCases.TC_003_LoginDDT - Provided Password 
14:49:42.849 [TestNG-tests-1] INFO  testCases.TC_003_LoginDDT - Clicked on Login
14:49:52.918 [TestNG-tests-1] ERROR testCases.TC_003_LoginDDT - Login Failed 
14:49:52.918 [TestNG-tests-1] INFO  testCases.TC_003_LoginDDT -  Finished TC_003_LoginDDT 
14:49:52.923 [TestNG-tests-1] INFO  testCases.TC_003_LoginDDT -  Starting TC_003_LoginDDT 
14:49:53.472 [TestNG-tests-1] INFO  testCases.TC_003_LoginDDT - Home Page Displayed 
14:49:53.623 [TestNG-tests-1] INFO  testCases.TC_003_LoginDDT - Clicked on My Account 
14:49:54.135 [TestNG-tests-1] INFO  testCases.TC_003_LoginDDT - Clicked on Login 
14:49:54.284 [TestNG-tests-1] INFO  testCases.TC_003_LoginDDT - Provided Email 
14:49:54.381 [TestNG-tests-1] INFO  testCases.TC_003_LoginDDT - Provided Password 
14:49:55.033 [TestNG-tests-1] INFO  testCases.TC_003_LoginDDT - Clicked on Login
14:50:05.087 [TestNG-tests-1] ERROR testCases.TC_003_LoginDDT - Login Failed 
14:50:05.087 [TestNG-tests-1] INFO  testCases.TC_003_LoginDDT -  Finished TC_003_LoginDDT 
14:50:05.093 [AsyncHttpClient-1-2] TRACE io.netty.handler.codec.http.websocketx.WebSocket08FrameEncoder - Encoding WebSocket Frame opCode=8 length=26
14:50:06.829 [TestNG-tests-1] INFO  testCases.TC_004Search - Launched chrome Browser
14:50:06.839 [TestNG-tests-1] INFO  testCases.TC_004Search -  Starting TC_004_Search 
14:50:09.877 [TestNG-tests-1] INFO  testCases.TC_004Search - Home Page Displayed 
14:50:12.175 [TestNG-tests-1] INFO  testCases.TC_004Search - Enter any Product
14:50:23.902 [TestNG-tests-1] ERROR testCases.TC_004Search - Search Success 
14:50:24.129 [TestNG-tests-1] INFO  testCases.TC_004Search -  Finished TC_004Search 
14:50:24.132 [AsyncHttpClient-1-5] TRACE io.netty.handler.codec.http.websocketx.WebSocket08FrameEncoder - Encoding WebSocket Frame opCode=8 length=26
14:50:26.641 [TestNG-tests-1] INFO  testCases.TC_005_Addcart - Launched chrome Browser
14:50:26.667 [TestNG-tests-1] INFO  testCases.TC_005_Addcart - Starting TC_005_Addcart
14:50:29.998 [TestNG-tests-1] INFO  testCases.TC_005_Addcart - Home Page Displayed 
14:50:34.618 [TestNG-tests-1] INFO  testCases.TC_005_Addcart - Enter any Product
14:50:38.305 [TestNG-tests-1] INFO  testCases.TC_005_Addcart - product displayed on HomePage
14:50:38.395 [TestNG-tests-1] INFO  testCases.TC_005_Addcart - product added to cart
14:50:40.467 [TestNG-tests-1] ERROR testCases.TC_005_Addcart - Add cart  Page Failed 
14:50:40.708 [AsyncHttpClient-1-8] TRACE io.netty.handler.codec.http.websocketx.WebSocket08FrameEncoder - Encoding WebSocket Frame opCode=8 length=26
14:50:42.531 [TestNG-tests-1] INFO  testCases.TC_006_ProductCompare - Launched chrome Browser
14:50:42.540 [TestNG-tests-1] INFO  testCases.TC_006_ProductCompare - Strating TC_006_ProductCompare
14:50:45.506 [TestNG-tests-1] INFO  testCases.TC_006_ProductCompare - Home Page Displayed 
14:50:48.907 [TestNG-tests-1] INFO  testCases.TC_006_ProductCompare - Enter any Product
14:50:52.751 [TestNG-tests-1] INFO  testCases.TC_006_ProductCompare - product displayed on HomePage
14:50:55.834 [TestNG-tests-1] INFO  testCases.TC_006_ProductCompare - products comparing
14:50:59.398 [AsyncHttpClient-1-3] TRACE io.netty.handler.codec.http.websocketx.WebSocket08FrameEncoder - Encoding WebSocket Frame opCode=8 length=26
14:51:00.862 [TestNG-tests-1] INFO  testCases.TC_007_WishList - Launched chrome Browser
14:51:00.881 [TestNG-tests-1] INFO  testCases.TC_007_WishList - Starting TC_007_WishList
14:51:03.906 [TestNG-tests-1] INFO  testCases.TC_007_WishList - Home Page Displayed 
14:51:06.321 [TestNG-tests-1] INFO  testCases.TC_007_WishList - Enter any Product
14:51:17.014 [TestNG-tests-1] INFO  testCases.TC_007_WishList - Provided Email 
14:51:17.140 [TestNG-tests-1] INFO  testCases.TC_007_WishList - Provided Password 
14:51:18.175 [TestNG-tests-1] INFO  testCases.TC_007_WishList - Clicked on Login
14:51:28.191 [TestNG-tests-1] ERROR testCases.TC_007_WishList - Search Success 
14:51:28.383 [TestNG-tests-1] INFO  testCases.TC_007_WishList -  Finished TC_007_WishList 
14:51:28.385 [AsyncHttpClient-1-6] TRACE io.netty.handler.codec.http.websocketx.WebSocket08FrameEncoder - Encoding WebSocket Frame opCode=8 length=26
14:51:29.853 [TestNG-tests-1] INFO  testCases.TC_008_ProductDisplayPage - Launched chrome Browser
14:51:29.860 [TestNG-tests-1] INFO  testCases.TC_008_ProductDisplayPage - Starting TC_008_ProductDisplayPage
14:51:32.595 [TestNG-tests-1] INFO  testCases.TC_008_ProductDisplayPage - Home Page Displayed 
14:51:34.909 [TestNG-tests-1] INFO  testCases.TC_008_ProductDisplayPage - Enter any Product
14:51:36.620 [TestNG-tests-1] INFO  testCases.TC_008_ProductDisplayPage - click the search button
14:51:39.773 [TestNG-tests-1] INFO  testCases.TC_008_ProductDisplayPage - click the image
14:51:42.968 [TestNG-tests-1] INFO  testCases.TC_008_ProductDisplayPage - click the Product
14:51:43.044 [TestNG-tests-1] INFO  testCases.TC_008_ProductDisplayPage - click the Product Review
14:51:46.097 [TestNG-tests-1] INFO  testCases.TC_008_ProductDisplayPage - ProductDisplayPage  success 
14:51:46.097 [TestNG-tests-1] INFO  testCases.TC_008_ProductDisplayPage -  Finished TC_008_ProductDisplayPage
14:51:46.099 [AsyncHttpClient-1-9] TRACE io.netty.handler.codec.http.websocketx.WebSocket08FrameEncoder - Encoding WebSocket Frame opCode=8 length=26
14:51:48.146 [TestNG-tests-1] INFO  testCases.TC_009_ForgotPassword - Launched chrome Browser
14:51:48.161 [TestNG-tests-1] INFO  testCases.TC_009_ForgotPassword - Starting TC_009_ForgotPassword
14:51:51.069 [TestNG-tests-1] INFO  testCases.TC_009_ForgotPassword - Home Page Displayed 
14:51:51.397 [TestNG-tests-1] INFO  testCases.TC_009_ForgotPassword - Clicked on My Account 
14:51:51.889 [TestNG-tests-1] INFO  testCases.TC_009_ForgotPassword - Clicked on Login 
14:51:52.068 [TestNG-tests-1] INFO  testCases.TC_009_ForgotPassword - Provided Email 
14:51:55.684 [TestNG-tests-1] INFO  testCases.TC_009_ForgotPassword - Provided confirmation email
14:51:59.023 [TestNG-tests-1] INFO  testCases.TC_009_ForgotPassword - Finished TC_009_ForgotPassword
14:52:02.030 [AsyncHttpClient-1-4] TRACE io.netty.handler.codec.http.websocketx.WebSocket08FrameEncoder - Encoding WebSocket Frame opCode=8 length=26
14:52:03.498 [TestNG-tests-1] INFO  testCases.TC_010_ShoppingCart - Launched chrome Browser
14:52:03.506 [TestNG-tests-1] INFO  testCases.TC_010_ShoppingCart - Starting TC_010_ShoppingCart
14:52:06.167 [TestNG-tests-1] INFO  testCases.TC_010_ShoppingCart - Home Page Displayed 
14:52:06.438 [TestNG-tests-1] INFO  testCases.TC_010_ShoppingCart - Search iMac is  Displayed 
14:52:07.234 [TestNG-tests-1] INFO  testCases.TC_010_ShoppingCart - Search Button clicked 
14:52:10.341 [TestNG-tests-1] INFO  testCases.TC_010_ShoppingCart - Add to Cart clicked 
14:52:15.924 [TestNG-tests-1] INFO  testCases.TC_010_ShoppingCart - Shopping Cart clicked 
14:52:20.994 [TestNG-tests-1] INFO  testCases.TC_010_ShoppingCart - Use Coupon Code Clicked
14:52:23.119 [TestNG-tests-1] INFO  testCases.TC_010_ShoppingCart - Entered Use Coupon Code 
14:52:23.223 [TestNG-tests-1] INFO  testCases.TC_010_ShoppingCart - Estimated Shipping and Taxes clicked
14:52:24.335 [TestNG-tests-1] INFO  testCases.TC_010_ShoppingCart - Selected Country
14:52:27.429 [TestNG-tests-1] INFO  testCases.TC_010_ShoppingCart - Selected State
14:52:28.517 [TestNG-tests-1] INFO  testCases.TC_010_ShoppingCart - Selected PostCode
14:52:29.594 [TestNG-tests-1] INFO  testCases.TC_010_ShoppingCart - Get Quotes button clicked
14:52:29.937 [TestNG-tests-1] INFO  testCases.TC_010_ShoppingCart - Selected Radio button
14:52:31.013 [TestNG-tests-1] INFO  testCases.TC_010_ShoppingCart - Clicked Apply Shippiment
14:52:36.093 [TestNG-tests-1] INFO  testCases.TC_010_ShoppingCart - Selected Use Gift Certificate
14:52:36.295 [TestNG-tests-1] INFO  testCases.TC_010_ShoppingCart - Entered Gift certificate cade entered in the text box
14:52:37.375 [TestNG-tests-1] INFO  testCases.TC_010_ShoppingCart - clicked Entered Apply Gift Certificate
14:52:38.980 [TestNG-tests-1] INFO  testCases.TC_010_ShoppingCart - click on Continue Shopping
14:52:41.992 [AsyncHttpClient-1-7] TRACE io.netty.handler.codec.http.websocketx.WebSocket08FrameEncoder - Encoding WebSocket Frame opCode=8 length=26
14:52:43.910 [TestNG-tests-1] INFO  testCases.TC_011_Checkout - Launched chrome Browser
14:52:45.449 [TestNG-tests-1] INFO  testCases.TC_011_Checkout - Launched chrome Browser
14:52:45.450 [TestNG-tests-1] INFO  testCases.TC_011_Checkout -  Starting TC_004_Search 
14:52:49.663 [TestNG-tests-1] INFO  testCases.TC_011_Checkout - Home Page Displayed 
14:52:51.984 [TestNG-tests-1] INFO  testCases.TC_011_Checkout - Enter any Product
14:52:52.794 [TestNG-tests-1] INFO  testCases.TC_011_Checkout - click on the search button
14:52:53.884 [TestNG-tests-1] INFO  testCases.TC_011_Checkout - click on the add to cart button
14:52:54.977 [TestNG-tests-1] INFO  testCases.TC_011_Checkout - click on the view cart
14:52:58.555 [TestNG-tests-1] INFO  testCases.TC_011_Checkout - click on the shopping cart
14:53:02.413 [TestNG-tests-1] INFO  testCases.TC_011_Checkout - click on the Checkout
14:53:03.477 [TestNG-tests-1] INFO  testCases.TC_011_Checkout - Checkout Failed 
14:53:03.710 [AsyncHttpClient-1-5] TRACE io.netty.handler.codec.http.websocketx.WebSocket08FrameEncoder - Encoding WebSocket Frame opCode=8 length=26
14:53:05.704 [TestNG-tests-1] INFO  testCases.TC_012_MyAccount - Launched chrome Browser
14:53:05.709 [TestNG-tests-1] INFO  testCases.TC_012_MyAccount -  Starting TC_012_MyAccount 
14:53:08.921 [TestNG-tests-1] INFO  testCases.TC_012_MyAccount - Home Page Displayed 
14:53:09.291 [TestNG-tests-1] INFO  testCases.TC_012_MyAccount - Clicked on My Account 
14:53:10.443 [TestNG-tests-1] INFO  testCases.TC_012_MyAccount - Clicked on Login 
14:53:10.625 [TestNG-tests-1] INFO  testCases.TC_012_MyAccount - Provided Email 
14:53:10.787 [TestNG-tests-1] INFO  testCases.TC_012_MyAccount - Provided Password 
14:53:11.807 [TestNG-tests-1] INFO  testCases.TC_012_MyAccount - Clicked on Login
14:53:14.890 [TestNG-tests-1] INFO  testCases.TC_012_MyAccount - Click on MyAccount
14:53:15.447 [TestNG-tests-1] INFO  testCases.TC_012_MyAccount - Click on OrderHistory 
14:53:18.524 [TestNG-tests-1] INFO  testCases.TC_012_MyAccount - Click on MyAccount
14:53:22.353 [TestNG-tests-1] INFO  testCases.TC_012_MyAccount - Click on LogOut
14:53:22.842 [TestNG-tests-1] INFO  testCases.TC_012_MyAccount - Click on SiteMap Link
14:53:25.844 [TestNG-tests-1] INFO  testCases.TC_012_MyAccount - Finished TC_012_MyAccount
14:53:25.846 [AsyncHttpClient-1-8] TRACE io.netty.handler.codec.http.websocketx.WebSocket08FrameEncoder - Encoding WebSocket Frame opCode=8 length=26
14:53:27.674 [AsyncHttpClient-1-3] DEBUG io.netty.buffer.PoolThreadCache - Freed 26 thread-local buffer(s) from thread: AsyncHttpClient-1-3
14:53:27.675 [AsyncHttpClient-1-4] DEBUG io.netty.buffer.PoolThreadCache - Freed 27 thread-local buffer(s) from thread: AsyncHttpClient-1-4
14:53:27.676 [AsyncHttpClient-1-5] DEBUG io.netty.buffer.PoolThreadCache - Freed 30 thread-local buffer(s) from thread: AsyncHttpClient-1-5
